<?xml version="1.0" encoding="utf-8"?><testsuites name="pytest tests"><testsuite name="pytest" errors="0" failures="0" skipped="0" tests="135" time="97.204" timestamp="2026-08-27T10:23:41.834846+08:00" hostname="LAPTOP-FM178K7U"><testcase classname="tests.integration.test_agent_execution_service" name="test_agent_execution_persists_trajectory_and_waiting_approval" time="3.131" /><testcase classname="tests.integration.test_appearance_aggregation_pipeline" name="test_real_observations_form_idempotent_reviewable_profile" time="3.178" /><testcase classname="tests.integration.test_appearance_aggregation_pipeline" name="test_same_scope_conflict_blocks_automatic_profile_approval" time="3.077" /><testcase classname="tests.integration.test_approval_and_agent_api" name="test_approval_cas_resume_and_agent_trajectory_api" time="3.058" /><testcase classname="tests.integration.test_approval_decisions" name="test_deferred_approval_can_later_be_rejected" time="2.874" /><testcase classname="tests.integration.test_character_appearance_api" name="test_render_profile_conflict_resolution_and_temporal_snapshot" time="2.840" /><testcase classname="tests.integration.test_character_entity_api" name="test_character_merge_and_split_are_audited_idempotent_and_revision_safe" time="3.271" /><testcase classname="tests.integration.test_document_versions" name="test_new_upload_creates_immutable_source_version" time="3.117" /><testcase classname="tests.integration.test_entity_resolution_pipeline" name="test_ten_chunk_boundary_and_tail_batch_are_both_converged" time="3.432" /><testcase classname="tests.integration.test_entity_resolution_pipeline" name="test_explicit_boy_identity_does_not_contaminate_a_later_boy" time="3.102" /><testcase classname="tests.integration.test_evaluation_repository" name="test_evaluation_dataset_isolation_freeze_and_result_uniqueness" time="2.728" /><testcase classname="tests.integration.test_extraction_slice" name="test_character_extraction_slice_is_grounded_and_idempotent" time="2.806" /><testcase classname="tests.integration.test_extraction_slice" name="test_failed_replacement_keeps_old_facts_active_and_new_facts_pending" time="2.922" /><testcase classname="tests.integration.test_extraction_slice" name="test_v3_visual_fields_are_phase_scoped_and_superseded" time="3.222" /><testcase classname="tests.integration.test_health" name="test_health_endpoints" time="0.010" /><testcase classname="tests.integration.test_health" name="test_ui_shell_and_static_assets_are_served_without_api_auth" time="0.777" /><testcase classname="tests.integration.test_health" name="test_validation_errors_use_stable_envelope" time="0.053" /><testcase classname="tests.integration.test_health" name="test_openapi_exposes_documented_phase_one_routes" time="0.350" /><testcase classname="tests.integration.test_health" name="test_api_key_roles_capabilities_and_metrics" time="0.025" /><testcase classname="tests.integration.test_image_generation_pipeline" name="test_generation_context_and_mock_provider_are_deterministic_and_recoverable" time="2.810" /><testcase classname="tests.integration.test_ingestion_slice" name="test_upload_run_worker_and_query" time="2.622" /><testcase classname="tests.integration.test_migrations" name="test_initial_migration_upgrade_and_downgrade" time="4.837" /><testcase classname="tests.integration.test_phase_resolution_pipeline" name="test_r3_activates_final_scope_and_keeps_ambiguous_fact_pending" time="2.892" /><testcase classname="tests.integration.test_retrieval_indexing" name="test_upload_builds_lexical_index_and_maps_passages_to_chunks" time="3.012" /><testcase classname="tests.integration.test_retrieval_indexing" name="test_vector_index_resumes_batches_and_hybrid_retrieval_expands_neighbors" time="3.227" /><testcase classname="tests.integration.test_run_events_and_external_operations" name="test_run_events_are_append_only_and_support_resume" time="2.814" /><testcase classname="tests.integration.test_run_events_and_external_operations" name="test_external_operation_enforces_idempotency_and_fencing" time="2.456" /><testcase classname="tests.integration.test_source_version_appearance_invalidation" name="test_source_replacement_invalidates_old_truth_and_preserves_approved_history" time="3.648" /><testcase classname="tests.integration.test_source_version_appearance_invalidation" name="test_identity_confirmation_conflict_requires_resolution" time="3.026" /><testcase classname="tests.integration.test_story_temporal_api" name="test_historical_scene_is_queryable_and_correctable_without_v2_extractor" time="2.585" /><testcase classname="tests.integration.test_task_recovery" name="test_claim_failure_and_cursor_resume" time="2.937" /><testcase classname="tests.integration.test_task_recovery" name="test_cancel_marks_expired_running_step_cancelled" time="2.589" /><testcase classname="tests.integration.test_text_analysis_run" name="test_public_run_endpoint_executes_ingestion_then_extraction" time="2.863" /><testcase classname="tests.integration.test_timeline_inheritance" name="test_child_timeline_inherits_parent_until_branch_then_evolves_independently" time="2.310" /><testcase classname="tests.integration.test_visual_enrichment_pipeline" name="test_visual_enrichment_persists_exact_facts_and_auditable_hits" time="3.778" /><testcase classname="tests.unit.domain.test_appearance_aggregation" name="test_temporal_changes_form_separate_non_overlapping_states" time="0.001" /><testcase classname="tests.unit.domain.test_appearance_aggregation" name="test_same_scope_incompatible_values_create_review_conflict" time="0.001" /><testcase classname="tests.unit.domain.test_appearance_aggregation" name="test_dream_observation_does_not_enter_canonical_identity_anchor" time="0.001" /><testcase classname="tests.unit.domain.test_appearance_aggregation" name="test_same_chapter_different_life_phases_do_not_conflict" time="0.001" /><testcase classname="tests.unit.domain.test_models" name="test_mention_span_rejects_reversed_offsets" time="0.001" /><testcase classname="tests.unit.domain.test_models" name="test_text_observation_requires_temporal_scope" time="0.001" /><testcase classname="tests.unit.domain.test_models" name="test_text_observation_accepts_grounded_evidence" time="0.001" /><testcase classname="tests.unit.domain.test_models" name="test_pipeline_step_uses_explicit_transition_rules" time="0.001" /><testcase classname="tests.unit.domain.test_models" name="test_frozen_eval_dataset_requires_freeze_timestamp" time="0.001" /><testcase classname="tests.unit.domain.test_models" name="test_model_grader_requires_reproducible_provenance" time="0.001" /><testcase classname="tests.unit.domain.test_retrieval" name="test_retrieval_passages_keep_safe_boundaries_overlap_and_stable_ids" time="0.001" /><testcase classname="tests.unit.domain.test_retrieval" name="test_retrieval_passages_do_not_split_oversized_sentence" time="0.001" /><testcase classname="tests.unit.domain.test_retrieval" name="test_chinese_search_terms_preserve_two_character_names_and_visual_terms" time="0.001" /><testcase classname="tests.unit.domain.test_retrieval" name="test_rrf_keeps_both_channels_and_applies_entity_bonus" time="0.001" /><testcase classname="tests.unit.domain.test_text_processing" name="test_normalization_preserves_reverse_offsets" time="0.001" /><testcase classname="tests.unit.domain.test_text_processing" name="test_decode_text_distinguishes_gb18030_from_utf16" time="0.004" /><testcase classname="tests.unit.domain.test_text_processing" name="test_chapter_detection_and_chunk_hashes_are_stable" time="0.073" /><testcase classname="tests.unit.domain.test_text_processing" name="test_chunk_overlap_is_applied_without_exceeding_target" time="0.087" /><testcase classname="tests.unit.domain.test_visual_fields" name="test_combined_appearance_is_split_into_atomic_visual_fields" time="0.001" /><testcase classname="tests.unit.domain.test_visual_fields" name="test_aliases_and_character_prefixes_are_canonicalized" time="0.001" /><testcase classname="tests.unit.domain.test_visual_fields" name="test_life_phase_alias_is_normalized_with_default_label" time="0.001" /><testcase classname="tests.unit.domain.test_visual_fields" name="test_age_stage_and_experienced_age_are_semantically_normalized" time="0.001" /><testcase classname="tests.unit.domain.test_visual_fields" name="test_common_soul_fact_paths_are_canonicalized" time="0.001" /><testcase classname="tests.unit.domain.test_visual_fields" name="test_unique_evidence_quote_repairs_incorrect_offsets" time="0.001" /><testcase classname="tests.unit.domain.test_visual_fields" name="test_repeated_quote_is_not_automatically_relocated" time="0.001" /><testcase classname="tests.unit.domain.test_visual_query_plan" name="test_visual_query_plan_is_deterministic_and_contains_entity_free_queries" time="0.001" /><testcase classname="tests.unit.domain.test_visual_query_plan" name="test_visual_query_plan_rejects_unknown_field_group" time="0.001" /><testcase classname="tests.unit.domain.test_visual_query_plan" name="test_visual_field_group_mapping[hair.color-hair]" time="0.001" /><testcase classname="tests.unit.domain.test_visual_query_plan" name="test_visual_field_group_mapping[skin.color-body]" time="0.001" /><testcase classname="tests.unit.domain.test_visual_query_plan" name="test_visual_field_group_mapping[face.injury-marks_injuries]" time="0.001" /><testcase classname="tests.unit.domain.test_visual_query_plan" name="test_visual_field_group_mapping[accessory.waist-accessories]" time="0.001" /><testcase classname="tests.unit.domain.test_visual_query_plan" name="test_visual_field_group_mapping[cleanliness-disguise_cleanliness]" time="0.001" /><testcase classname="tests.unit.domain.test_visual_query_plan" name="test_visual_field_group_mapping[occupation-None]" time="0.001" /><testcase classname="tests.unit.domain.test_visual_query_plan" name="test_face_requires_more_than_one_eye_color_field" time="0.001" /><testcase classname="tests.unit.domain.test_visual_query_plan" name="test_complete_hair_requires_color_and_form" time="0.001" /><testcase classname="tests.unit.domain.test_visual_query_plan" name="test_generic_age_stage_resolves_only_one_matching_narrative_phase" time="0.001" /><testcase classname="tests.unit.domain.test_visual_query_plan" name="test_generic_age_stage_rejects_ambiguous_narrative_phases" time="0.001" /><testcase classname="tests.unit.test_entity_resolution_service" name="test_memory_is_cumulative_and_same_generic_label_is_not_auto_linked" time="0.001" /><testcase classname="tests.unit.test_entity_resolution_service" name="test_resolution_rejects_evidence_not_present_in_supplied_context" time="0.001" /><testcase classname="tests.unit.test_evidence_locator" name="test_locator_returns_unique_exact_source_span" time="0.001" /><testcase classname="tests.unit.test_evidence_locator" name="test_locator_uses_entity_anchor_to_disambiguate_repeated_quote" time="0.001" /><testcase classname="tests.unit.test_evidence_locator" name="test_locator_rejects_repeated_quote_when_anchor_does_not_resolve_it" time="0.001" /><testcase classname="tests.unit.test_evidence_locator" name="test_locator_maps_whitespace_normalized_quote_back_to_source" time="0.001" /><testcase classname="tests.unit.test_evidence_locator" name="test_locator_does_not_guess_missing_evidence" time="0.001" /><testcase classname="tests.unit.test_extraction_evaluation_service" name="test_seed_dataset_is_versioned_and_covers_positive_negative_and_critical_cases" time="0.002" /><testcase classname="tests.unit.test_extraction_evaluation_service" name="test_live_difference_cases_are_generic_and_use_canonical_visual_fields" time="0.001" /><testcase classname="tests.unit.test_extraction_evaluation_service" name="test_cross_genre_difference_cases_are_atomic_and_canonical" time="0.001" /><testcase classname="tests.unit.test_extraction_evaluation_service" name="test_case_score_separates_structure_from_compatible_evidence_span" time="0.002" /><testcase classname="tests.unit.test_extraction_evaluation_service" name="test_value_boundary_passes_known_variant_reviews_unknown_and_fails_rejected" time="0.001" /><testcase classname="tests.unit.test_extraction_evaluation_service" name="test_evidence_boundary_passes_containment_reviews_other_span_and_fails_ungrounded" time="0.001" /><testcase classname="tests.unit.test_extraction_evaluation_service" name="test_wrong_field_fails_even_when_value_and_evidence_look_plausible" time="0.001" /><testcase classname="tests.unit.test_extraction_evaluation_service" name="test_life_phase_mismatch_is_a_structural_failure" time="0.001" /><testcase classname="tests.unit.test_extraction_evaluation_service" name="test_dataset_score_counts_review_cases_separately" time="0.001" /><testcase classname="tests.unit.test_extraction_evaluation_service" name="test_negative_case_rejects_visual_hallucination" time="0.001" /><testcase classname="tests.unit.test_extraction_evaluation_service" name="test_dataset_score_requires_output_for_every_case" time="0.001" /><testcase classname="tests.unit.test_mock_extraction" name="test_mock_extraction_returns_grounded_character_data" time="0.003" /><testcase classname="tests.unit.test_mock_extraction" name="test_grounding_and_fingerprint_are_deterministic" time="0.001" /><testcase classname="tests.unit.test_openai_compatible_embedding" name="test_embedding_provider_batches_retries_and_normalizes" time="0.510" /><testcase classname="tests.unit.test_openai_compatible_embedding" name="test_embedding_provider_rejects_dimension_mismatch" time="0.491" /><testcase classname="tests.unit.test_openai_compatible_extraction" name="test_chunk_request_builder_matches_production_contract_without_credentials" time="0.004" /><testcase classname="tests.unit.test_openai_compatible_extraction" name="test_visual_prompt_rules_are_generic_and_do_not_embed_evaluation_examples" time="0.001" /><testcase classname="tests.unit.test_openai_compatible_extraction" name="test_responses_request_uses_json_schema_and_total_output_budget" time="0.004" /><testcase classname="tests.unit.test_openai_compatible_extraction" name="test_openai_compatible_provider_requests_structured_json" time="0.007" /><testcase classname="tests.unit.test_openai_compatible_extraction" name="test_provider_payload_normalizes_common_epistemic_aliases" time="0.001" /><testcase classname="tests.unit.test_openai_compatible_extraction" name="test_provider_payload_rejects_dangling_entity_reference" time="0.001" /><testcase classname="tests.unit.test_openai_compatible_extraction" name="test_decode_provider_json_recovers_safe_formatting_errors[\ufeff  {&quot;visual_candidates&quot;: []}-expected0]" time="0.001" /><testcase classname="tests.unit.test_openai_compatible_extraction" name="test_decode_provider_json_recovers_safe_formatting_errors[```json\n{&quot;visual_candidates&quot;: [], &quot;deferred_items&quot;: []}\n```-expected1]" time="0.001" /><testcase classname="tests.unit.test_openai_compatible_extraction" name="test_decode_provider_json_recovers_safe_formatting_errors[\u63d0\u53d6\u7ed3\u679c\u5982\u4e0b\uff1a\n{&quot;visual_candidates&quot;: [{&quot;value&quot;: &quot;\u8863\u670d\u4e0a\u6709 } \u56fe\u6848&quot;}]}\n\u4ee5\u4e0a\u3002-expected2]" time="0.001" /><testcase classname="tests.unit.test_openai_compatible_extraction" name="test_decode_provider_json_recovers_safe_formatting_errors[{&quot;visual_candidates&quot;: [], &quot;deferred_items&quot;: [],}-expected3]" time="0.001" /><testcase classname="tests.unit.test_openai_compatible_extraction" name="test_decode_provider_json_recovers_safe_formatting_errors[&quot;{\\&quot;visual_candidates\\&quot;: [], \\&quot;deferred_items\\&quot;: []}&quot;-expected4]" time="0.001" /><testcase classname="tests.unit.test_openai_compatible_extraction" name="test_decode_provider_json_rejects_ambiguous_or_truncated_content[{&quot;visual_candidates&quot;: []" time="0.001" /><testcase classname="tests.unit.test_openai_compatible_extraction" name="test_decode_provider_json_rejects_ambiguous_or_truncated_content[{visual_candidates: []}]" time="0.001" /><testcase classname="tests.unit.test_openai_compatible_extraction" name="test_decode_provider_json_rejects_ambiguous_or_truncated_content[\u6a21\u578b\u6ca1\u6709\u8fd4\u56de\u7ed3\u6784\u5316\u6570\u636e]" time="0.001" /><testcase classname="tests.unit.test_openai_compatible_extraction" name="test_provider_accepts_fenced_json_without_triggering_worker_retry" time="0.007" /><testcase classname="tests.unit.test_openai_compatible_extraction" name="test_provider_retries_length_once_and_records_usage_metadata" time="0.010" /><testcase classname="tests.unit.test_openai_compatible_extraction" name="test_responses_provider_rejects_incomplete_and_accepts_completed_output" time="0.010" /><testcase classname="tests.unit.test_openai_compatible_extraction" name="test_provider_enforces_collection_item_limit_before_persistence" time="0.001" /><testcase classname="tests.unit.test_openai_compatible_extraction" name="test_provider_enforces_total_wall_clock_deadline" time="0.008" /><testcase classname="tests.unit.test_phase_resolution_service" name="test_resolver_builds_ordered_life_phases_and_assigns_observations" time="0.001" /><testcase classname="tests.unit.test_phase_resolution_service" name="test_resolver_marks_dream_as_subjective_but_final" time="0.001" /><testcase classname="tests.unit.test_phase_resolution_service" name="test_resolver_keeps_unscoped_time_jump_pending_for_review" time="0.001" /><testcase classname="tests.unit.test_phase_resolution_service" name="test_resolver_limits_transformation_to_its_chapter" time="0.001" /><testcase classname="tests.unit.test_qdrant_local_vector_store" name="test_qdrant_local_persists_filters_and_rejects_dimension_mismatch" time="0.087" /><testcase classname="tests.unit.test_settings" name="test_default_settings_use_async_sqlite" time="0.003" /><testcase classname="tests.unit.test_settings" name="test_chunk_overlap_must_be_smaller_than_chunk_size" time="0.003" /><testcase classname="tests.unit.test_settings" name="test_retrieval_overlap_and_embedding_configuration_are_validated" time="0.008" /><testcase classname="tests.unit.test_settings" name="test_llm_timeout_must_be_positive" time="0.003" /><testcase classname="tests.unit.test_settings" name="test_llm_deadline_must_fit_inside_worker_lease" time="0.003" /><testcase classname="tests.unit.test_settings" name="test_production_rejects_mock_provider" time="0.006" /><testcase classname="tests.unit.test_settings" name="test_remote_provider_requires_credentials" time="0.004" /><testcase classname="tests.unit.test_settings" name="test_production_requires_distinct_user_and_admin_keys" time="0.006" /><testcase classname="tests.unit.test_structured_agent_runtime" name="test_runtime_executes_typed_tool_then_validates_final_output" time="0.009" /><testcase classname="tests.unit.test_structured_agent_runtime" name="test_runtime_rejects_tool_permission_escalation" time="0.009" /><testcase classname="tests.unit.test_structured_agent_runtime" name="test_approval_preflight_prevents_partial_side_effects" time="0.009" /><testcase classname="tests.unit.test_structured_agent_runtime" name="test_runtime_returns_structured_cost_limit" time="0.009" /><testcase classname="tests.unit.test_visual_candidate_adapter" name="test_adapter_locates_v3_evidence_without_provider_offsets" time="0.001" /><testcase classname="tests.unit.test_visual_candidate_adapter" name="test_adapter_rejects_nonvisual_noncanonical_and_inferred_candidates" time="0.001" /><testcase classname="tests.unit.test_visual_candidate_adapter" name="test_adapter_rejects_ambiguous_evidence_instead_of_guessing" time="0.001" /><testcase classname="tests.unit.test_visual_candidate_adapter" name="test_adapter_preserves_explicit_life_phase_signal" time="0.001" /><testcase classname="tests.unit.test_visual_candidate_adapter" name="test_adapter_preserves_top_level_and_non_phase_temporal_signals" time="0.001" /></testsuite></testsuites>